{"/Users/snehalbodile/Desktop/Snehal Development/React Js /FoodDeliveryApp/src/components/Contact.js": {"path":"/Users/snehalbodile/Desktop/Snehal Development/React Js /FoodDeliveryApp/src/components/Contact.js","statementMap":{"0":{"start":{"line":1,"column":16},"end":{"line":44,"column":1}},"1":{"start":{"line":2,"column":4},"end":{"line":43,"column":6}}},"fnMap":{"0":{"name":"(anonymous_0)","decl":{"start":{"line":1,"column":16},"end":{"line":1,"column":17}},"loc":{"start":{"line":1,"column":21},"end":{"line":44,"column":1}},"line":1}},"branchMap":{},"s":{"0":1,"1":1},"f":{"0":1},"b":{},"_coverageSchema":"1a1c01bbd47fc00a2c39e90264f33305004495a9","hash":"439d144fa41fc6715abbd5ba41b3f09e6596faf2"}
,"/Users/snehalbodile/Desktop/Snehal Development/React Js /FoodDeliveryApp/src/components/sum.js": {"path":"/Users/snehalbodile/Desktop/Snehal Development/React Js /FoodDeliveryApp/src/components/sum.js","statementMap":{"0":{"start":{"line":1,"column":19},"end":{"line":3,"column":1}},"1":{"start":{"line":2,"column":4},"end":{"line":2,"column":17}}},"fnMap":{"0":{"name":"(anonymous_0)","decl":{"start":{"line":1,"column":19},"end":{"line":1,"column":20}},"loc":{"start":{"line":1,"column":28},"end":{"line":3,"column":1}},"line":1}},"branchMap":{},"s":{"0":1,"1":1},"f":{"0":1},"b":{},"_coverageSchema":"1a1c01bbd47fc00a2c39e90264f33305004495a9","hash":"c9eaa907b27fbbaa27106071e3549e8265b7658c"}
}
